*   06a9966 - (HEAD -> task-4-2/endpoints, origin/task-4-2/endpoints) Merge branch 'feature-4/auth' into task-4-2/endpoints (51 minutes ago) <Gabriel Leal>
|\  
| *   b1ff4fd - (origin/feature-4/auth, feature-4/auth) Merge branch 'develop' into feature-4/auth (51 minutes ago) <Gabriel Leal>
| |\  
| | *   7fb6908 - (origin/develop, develop) Merge pull request #17 from LucasHe4rt/bugfix-0-5/pegar-clients-e-instrutores-gymid (52 minutes ago) <Magin02>
| | |\  
| | | * 4e45c62 - (origin/bugfix-0-5/pegar-clients-e-instrutores-gymid, bugfix-0-5/pegar-clients-e-instrutores-gymid) Clientes e instrutores pela academia (63 minutes ago) <Gabriel Leal>
| | |/  
* | | 6153309 - Adicionado endpoint do auth e middleware (3 days ago) <Gabriel Leal>
* | | 2569fbc - Merge branch 'feature-4/auth' into task-4-2/endpoints (5 days ago) <Gabriel Leal>
|\| | 
| * | afd1235 - resolvido conflito no app.php (5 days ago) <Gabriel Leal>
| |\| 
| | *   224b983 - Merge pull request #14 from LucasHe4rt/bugfix-0-2/cors (5 days ago) <Lucas Silva>
| | |\  
| | | * 89ec0c2 - (origin/bugfix-0-2/cors, bugfix-0-2/cors) fix problema no cors (6 days ago) <Gabriel Leal>
| | * |   23f3275 - Merge pull request #15 from LucasHe4rt/bugfix-0-4/hash-senha-instrutor (5 days ago) <Lucas Silva>
| | |\ \  
| | | * | bb5ce42 - (origin/bugfix-0-4/hash-senha-instrutor, bugfix-0-4/hash-senha-instrutor) Fix senha do instrutor sem hash (5 days ago) <Gabriel Leal>
| | | |/  
| | * | d731ba2 - Merge pull request #13 from LucasHe4rt/feature-3/aluno (6 days ago) <Lucas Silva>
| | |\| 
* | | | cf409fb - Autenticacao mult-level (5 days ago) <Gabriel Leal>
* | | | 26c1785 - Autenticacao com o client (6 days ago) <Gabriel Leal>
|/ / /  
* | |   05faf0c - Merge pull request #12 from LucasHe4rt/task-4-1/config-jwt (6 days ago) <Lucas Silva>
|\ \ \  
| |_|/  
|/| |   
| * | cea8f10 - (origin/task-4-1/config-jwt, task-4-1/config-jwt) Configuracao do jwt adicionada (6 days ago) <Gabriel Leal>
|/ /  
* |   9c44891 - (origin/feature-3/aluno, feature-3/aluno) Merge pull request #11 from LucasHe4rt/task-3-3/endpoints-contacts-conditions (6 days ago) <Lucas Silva>
|\ \  
| * | 3d48a13 - (origin/task-3-3/endpoints-contacts-conditions, task-3-3/endpoints-contacts-conditions, branchteste) Adicionado endpoints para medicalConditions e emergencyContacts (11 days ago) <Gabriel Leal>
|/ /  
* |   b7a65f9 - Merge pull request #10 from LucasHe4rt/task-3-2/endpoints (12 days ago) <Lucas Silva>
|\ \  
| * | a451fee - (origin/task-3-2/endpoints, task-3-2/endpoints) Adicionado paginate de 10/pag e corrigido fillable (12 days ago) <Gabriel Leal>
| * | 36832b3 - Adicionado endpoints do client (3 weeks ago) <Gabriel Leal>
|/ /  
* |   30b3110 - Merge pull request #9 from LucasHe4rt/task-3-1/estrutura-bd (4 weeks ago) <Magin02>
|\ \  
| |/  
|/|   
| * d0cc464 - (origin/task-3-1/estrutura-bd, task-3-1/estrutura-bd) Seeder adicionados (4 weeks ago) <Gabriel Leal>
| * 549c795 - Adicionado as migrations das tabelas clients, emergencyContacts e MedicalConditions (4 weeks ago) <Gabriel Leal>
|/  
*   64ea89f - Merge pull request #8 from LucasHe4rt/bugfix-0-1/documentacao (5 weeks ago) <Magin02>
|\  
| * c6d0067 - (origin/bugfix-0-1/documentacao) Corrigido conflito de documentação (5 weeks ago) <lucashe4rt>
* | c750498 - Corrigido .gitignore (5 weeks ago) <lucashe4rt>
* | be2bc7e - Corrigido .gitignore (5 weeks ago) <lucashe4rt>
|/  
* f4feb2e - Alterado gitignore para não subir mais json do swagger (5 weeks ago) <lucashe4rt>
*   58d8f5d - Merge pull request #7 from LucasHe4rt/feature-2/instrutor (5 weeks ago) <Lucas Silva>
|\  
| *   bc336bc - Merge branch 'develop' into feature-2/instrutor (5 weeks ago) <Lucas Silva>
| |\  
| |/  
|/|   
* |   2bf086e - (origin/feature-1/academia, feature-1/academia) Merge pull request #6 from LucasHe4rt/task-1-2/endpoints (5 weeks ago) <Lucas Silva>
|\ \  
| * | 09900ee - (origin/task-1-2/endpoints, task-1-2/endpoints) Fix erros de escrita na documentacao (5 weeks ago) <Gabriel Leal>
| * | 74b61b4 - Endpoints feitos (6 weeks ago) <Gabriel Leal>
|/ /  
* |   56b005a - Merge pull request #1 from LucasHe4rt/task-1-1/estrutura-bd (6 weeks ago) <Magin02>
|\ \  
| * | 6991678 - (origin/task-1-1/estrutura-bd, task-1-1/estrutura-bd) Fix drop table gyms (6 weeks ago) <Gabriel Leal>
| * | a69675e - Added a seeder (6 weeks ago) <Gabriel Leal>
| * | ec93f56 - Added city to the table (6 weeks ago) <Gabriel Leal>
| * | 547eec6 - Migrations done (6 weeks ago) <Gabriel Leal>
|/ /  
| *   fdae403 - Merge pull request #4 from LucasHe4rt/task-2-2/endpoints (5 weeks ago) <Magin02>
| |\  
| | * 9802321 - (origin/task-2-2/endpoints) Alterado caminho do model Instructor da pasta Entities para Models (5 weeks ago) <lucashe4rt>
| | * 73975b5 - Corrigido encapsulamento de respostas dos métodos (5 weeks ago) <lucashe4rt>
| | * dbf2e62 - (task-2-2/endpoints) Adicionado tratamento de exceções (6 weeks ago) <Lucas Silva>
| | * 847b1ae - Adicionado endpoints de instrutor documentadas (6 weeks ago) <Lucas Silva>
| |/  
| * 1d0986d - (origin/feature-2/instrutor, feature-2/instrutor) Merge pull request #3 from LucasHe4rt/task-2-1/estruturar-db (6 weeks ago) <Magin02>
|/| 
| * d5240e4 - Alterado a chamada da classe (6 weeks ago) <LucasHe4rt>
| * eaa5a92 - Adicionado seeder de instrutores (6 weeks ago) <LucasHe4rt>
| * bbc844d - Adicionado migration de instrutores (6 weeks ago) <LucasHe4rt>
|/  
* d3fd61a - (main) Adicionado swagger (7 weeks ago) <LucasHe4rt>
* f208467 - Adicionado projeto dockerizado (7 weeks ago) <LucasHe4rt>